The system is: Darwin - 13.4.0 - x86_64
Compiling the C compiler identification source file "CMakeCCompilerId.c" succeeded.
Compiler: /usr/bin/cc 
Build flags: 
Id flags: 

The output was:
0


Compilation of the C compiler identification source "CMakeCCompilerId.c" produced "a.out"

The C compiler identification is AppleClang, found in "/nfs/zfs-student-2/users/2013/gmangin/Nibbler/main/CMakeFiles/3.1.3/CompilerIdC/a.out"

Compiling the CXX compiler identification source file "CMakeCXXCompilerId.cpp" succeeded.
Compiler: /usr/bin/c++ 
Build flags: 
Id flags: 

The output was:
0


Compilation of the CXX compiler identification source "CMakeCXXCompilerId.cpp" produced "a.out"

The CXX compiler identification is AppleClang, found in "/nfs/zfs-student-2/users/2013/gmangin/Nibbler/main/CMakeFiles/3.1.3/CompilerIdCXX/a.out"

Determining if the C compiler works passed with the following output:
Change Dir: /nfs/zfs-student-2/users/2013/gmangin/Nibbler/main/CMakeFiles/CMakeTmp

Run Build Command:"/usr/bin/make" "cmTryCompileExec3215636627/fast"
/Applications/Xcode.app/Contents/Developer/usr/bin/make -f CMakeFiles/cmTryCompileExec3215636627.dir/build.make CMakeFiles/cmTryCompileExec3215636627.dir/build
/nfs/zfs-student-2/users/2013/gmangin/.brew/Cellar/cmake/3.1.3/bin/cmake -E cmake_progress_report /nfs/zfs-student-2/users/2013/gmangin/Nibbler/main/CMakeFiles/CMakeTmp/CMakeFiles 1
Building C object CMakeFiles/cmTryCompileExec3215636627.dir/testCCompiler.c.o
/usr/bin/cc    -o CMakeFiles/cmTryCompileExec3215636627.dir/testCCompiler.c.o   -c /nfs/zfs-student-2/users/2013/gmangin/Nibbler/main/CMakeFiles/CMakeTmp/testCCompiler.c
Linking C executable cmTryCompileExec3215636627
/nfs/zfs-student-2/users/2013/gmangin/.brew/Cellar/cmake/3.1.3/bin/cmake -E cmake_link_script CMakeFiles/cmTryCompileExec3215636627.dir/link.txt --verbose=1
/usr/bin/cc    -Wl,-search_paths_first -Wl,-headerpad_max_install_names  CMakeFiles/cmTryCompileExec3215636627.dir/testCCompiler.c.o  -o cmTryCompileExec3215636627  


Detecting C compiler ABI info compiled with the following output:
Change Dir: /nfs/zfs-student-2/users/2013/gmangin/Nibbler/main/CMakeFiles/CMakeTmp

Run Build Command:"/usr/bin/make" "cmTryCompileExec1292899986/fast"
/Applications/Xcode.app/Contents/Developer/usr/bin/make -f CMakeFiles/cmTryCompileExec1292899986.dir/build.make CMakeFiles/cmTryCompileExec1292899986.dir/build
/nfs/zfs-student-2/users/2013/gmangin/.brew/Cellar/cmake/3.1.3/bin/cmake -E cmake_progress_report /nfs/zfs-student-2/users/2013/gmangin/Nibbler/main/CMakeFiles/CMakeTmp/CMakeFiles 1
Building C object CMakeFiles/cmTryCompileExec1292899986.dir/CMakeCCompilerABI.c.o
/usr/bin/cc    -o CMakeFiles/cmTryCompileExec1292899986.dir/CMakeCCompilerABI.c.o   -c /nfs/zfs-student-2/users/2013/gmangin/.brew/Cellar/cmake/3.1.3/share/cmake/Modules/CMakeCCompilerABI.c
Linking C executable cmTryCompileExec1292899986
/nfs/zfs-student-2/users/2013/gmangin/.brew/Cellar/cmake/3.1.3/bin/cmake -E cmake_link_script CMakeFiles/cmTryCompileExec1292899986.dir/link.txt --verbose=1
/usr/bin/cc    -Wl,-search_paths_first -Wl,-headerpad_max_install_names -v -Wl,-v CMakeFiles/cmTryCompileExec1292899986.dir/CMakeCCompilerABI.c.o  -o cmTryCompileExec1292899986   
Apple LLVM version 5.0 (clang-500.2.79) (based on LLVM 3.3svn)
Target: x86_64-apple-darwin13.4.0
Thread model: posix
 "/Applications/Xcode.app/Contents/Developer/Toolchains/XcodeDefault.xctoolchain/usr/bin/ld" -demangle -dynamic -arch x86_64 -macosx_version_min 10.9.0 -o cmTryCompileExec1292899986 -search_paths_first -headerpad_max_install_names -v CMakeFiles/cmTryCompileExec1292899986.dir/CMakeCCompilerABI.c.o -lSystem /Applications/Xcode.app/Contents/Developer/Toolchains/XcodeDefault.xctoolchain/usr/bin/../lib/clang/5.0/lib/darwin/libclang_rt.osx.a
@(#)PROGRAM:ld  PROJECT:ld64-224.1
configured to support archs: armv6 armv7 armv7s arm64 i386 x86_64 armv6m armv7m armv7em
Library search paths:
	/usr/lib
	/usr/local/lib
Framework search paths:
	/Library/Frameworks/
	/System/Library/Frameworks/


Parsed C implicit link information from above output:
  link line regex: [^( *|.*[/\])(ld|([^/\]+-)?ld|collect2)[^/\]*( |$)]
  ignore line: [Change Dir: /nfs/zfs-student-2/users/2013/gmangin/Nibbler/main/CMakeFiles/CMakeTmp]
  ignore line: []
  ignore line: [Run Build Command:"/usr/bin/make" "cmTryCompileExec1292899986/fast"]
  ignore line: [/Applications/Xcode.app/Contents/Developer/usr/bin/make -f CMakeFiles/cmTryCompileExec1292899986.dir/build.make CMakeFiles/cmTryCompileExec1292899986.dir/build]
  ignore line: [/nfs/zfs-student-2/users/2013/gmangin/.brew/Cellar/cmake/3.1.3/bin/cmake -E cmake_progress_report /nfs/zfs-student-2/users/2013/gmangin/Nibbler/main/CMakeFiles/CMakeTmp/CMakeFiles 1]
  ignore line: [Building C object CMakeFiles/cmTryCompileExec1292899986.dir/CMakeCCompilerABI.c.o]
  ignore line: [/usr/bin/cc    -o CMakeFiles/cmTryCompileExec1292899986.dir/CMakeCCompilerABI.c.o   -c /nfs/zfs-student-2/users/2013/gmangin/.brew/Cellar/cmake/3.1.3/share/cmake/Modules/CMakeCCompilerABI.c]
  ignore line: [Linking C executable cmTryCompileExec1292899986]
  ignore line: [/nfs/zfs-student-2/users/2013/gmangin/.brew/Cellar/cmake/3.1.3/bin/cmake -E cmake_link_script CMakeFiles/cmTryCompileExec1292899986.dir/link.txt --verbose=1]
  ignore line: [/usr/bin/cc    -Wl,-search_paths_first -Wl,-headerpad_max_install_names -v -Wl,-v CMakeFiles/cmTryCompileExec1292899986.dir/CMakeCCompilerABI.c.o  -o cmTryCompileExec1292899986   ]
  ignore line: [Apple LLVM version 5.0 (clang-500.2.79) (based on LLVM 3.3svn)]
  ignore line: [Target: x86_64-apple-darwin13.4.0]
  ignore line: [Thread model: posix]
  link line: [ "/Applications/Xcode.app/Contents/Developer/Toolchains/XcodeDefault.xctoolchain/usr/bin/ld" -demangle -dynamic -arch x86_64 -macosx_version_min 10.9.0 -o cmTryCompileExec1292899986 -search_paths_first -headerpad_max_install_names -v CMakeFiles/cmTryCompileExec1292899986.dir/CMakeCCompilerABI.c.o -lSystem /Applications/Xcode.app/Contents/Developer/Toolchains/XcodeDefault.xctoolchain/usr/bin/../lib/clang/5.0/lib/darwin/libclang_rt.osx.a]
    arg [/Applications/Xcode.app/Contents/Developer/Toolchains/XcodeDefault.xctoolchain/usr/bin/ld] ==> ignore
    arg [-demangle] ==> ignore
    arg [-dynamic] ==> ignore
    arg [-arch] ==> ignore
    arg [x86_64] ==> ignore
    arg [-macosx_version_min] ==> ignore
    arg [10.9.0] ==> ignore
    arg [-o] ==> ignore
    arg [cmTryCompileExec1292899986] ==> ignore
    arg [-search_paths_first] ==> ignore
    arg [-headerpad_max_install_names] ==> ignore
    arg [-v] ==> ignore
    arg [CMakeFiles/cmTryCompileExec1292899986.dir/CMakeCCompilerABI.c.o] ==> ignore
    arg [-lSystem] ==> lib [System]
    arg [/Applications/Xcode.app/Contents/Developer/Toolchains/XcodeDefault.xctoolchain/usr/bin/../lib/clang/5.0/lib/darwin/libclang_rt.osx.a] ==> lib [/Applications/Xcode.app/Contents/Developer/Toolchains/XcodeDefault.xctoolchain/usr/bin/../lib/clang/5.0/lib/darwin/libclang_rt.osx.a]
  Library search paths: [;/usr/lib;/usr/local/lib]
  Framework search paths: [;/Library/Frameworks/;/System/Library/Frameworks/]
  remove lib [System]
  collapse lib [/Applications/Xcode.app/Contents/Developer/Toolchains/XcodeDefault.xctoolchain/usr/bin/../lib/clang/5.0/lib/darwin/libclang_rt.osx.a] ==> [/Applications/Xcode.app/Contents/Developer/Toolchains/XcodeDefault.xctoolchain/usr/lib/clang/5.0/lib/darwin/libclang_rt.osx.a]
  collapse library dir [/usr/lib] ==> [/usr/lib]
  collapse library dir [/usr/local/lib] ==> [/usr/local/lib]
  collapse framework dir [/Library/Frameworks/] ==> [/Library/Frameworks]
  collapse framework dir [/System/Library/Frameworks/] ==> [/System/Library/Frameworks]
  implicit libs: [/Applications/Xcode.app/Contents/Developer/Toolchains/XcodeDefault.xctoolchain/usr/lib/clang/5.0/lib/darwin/libclang_rt.osx.a]
  implicit dirs: [/usr/lib;/usr/local/lib]
  implicit fwks: [/Library/Frameworks;/System/Library/Frameworks]


Determining if the CXX compiler works passed with the following output:
Change Dir: /nfs/zfs-student-2/users/2013/gmangin/Nibbler/main/CMakeFiles/CMakeTmp

Run Build Command:"/usr/bin/make" "cmTryCompileExec1281959824/fast"
/Applications/Xcode.app/Contents/Developer/usr/bin/make -f CMakeFiles/cmTryCompileExec1281959824.dir/build.make CMakeFiles/cmTryCompileExec1281959824.dir/build
/nfs/zfs-student-2/users/2013/gmangin/.brew/Cellar/cmake/3.1.3/bin/cmake -E cmake_progress_report /nfs/zfs-student-2/users/2013/gmangin/Nibbler/main/CMakeFiles/CMakeTmp/CMakeFiles 1
Building CXX object CMakeFiles/cmTryCompileExec1281959824.dir/testCXXCompiler.cxx.o
/usr/bin/c++     -o CMakeFiles/cmTryCompileExec1281959824.dir/testCXXCompiler.cxx.o -c /nfs/zfs-student-2/users/2013/gmangin/Nibbler/main/CMakeFiles/CMakeTmp/testCXXCompiler.cxx
Linking CXX executable cmTryCompileExec1281959824
/nfs/zfs-student-2/users/2013/gmangin/.brew/Cellar/cmake/3.1.3/bin/cmake -E cmake_link_script CMakeFiles/cmTryCompileExec1281959824.dir/link.txt --verbose=1
/usr/bin/c++     -Wl,-search_paths_first -Wl,-headerpad_max_install_names  CMakeFiles/cmTryCompileExec1281959824.dir/testCXXCompiler.cxx.o  -o cmTryCompileExec1281959824  


Detecting CXX compiler ABI info compiled with the following output:
Change Dir: /nfs/zfs-student-2/users/2013/gmangin/Nibbler/main/CMakeFiles/CMakeTmp

Run Build Command:"/usr/bin/make" "cmTryCompileExec148674231/fast"
/Applications/Xcode.app/Contents/Developer/usr/bin/make -f CMakeFiles/cmTryCompileExec148674231.dir/build.make CMakeFiles/cmTryCompileExec148674231.dir/build
/nfs/zfs-student-2/users/2013/gmangin/.brew/Cellar/cmake/3.1.3/bin/cmake -E cmake_progress_report /nfs/zfs-student-2/users/2013/gmangin/Nibbler/main/CMakeFiles/CMakeTmp/CMakeFiles 1
Building CXX object CMakeFiles/cmTryCompileExec148674231.dir/CMakeCXXCompilerABI.cpp.o
/usr/bin/c++     -o CMakeFiles/cmTryCompileExec148674231.dir/CMakeCXXCompilerABI.cpp.o -c /nfs/zfs-student-2/users/2013/gmangin/.brew/Cellar/cmake/3.1.3/share/cmake/Modules/CMakeCXXCompilerABI.cpp
Linking CXX executable cmTryCompileExec148674231
/nfs/zfs-student-2/users/2013/gmangin/.brew/Cellar/cmake/3.1.3/bin/cmake -E cmake_link_script CMakeFiles/cmTryCompileExec148674231.dir/link.txt --verbose=1
/usr/bin/c++     -Wl,-search_paths_first -Wl,-headerpad_max_install_names -v -Wl,-v CMakeFiles/cmTryCompileExec148674231.dir/CMakeCXXCompilerABI.cpp.o  -o cmTryCompileExec148674231   
Apple LLVM version 5.0 (clang-500.2.79) (based on LLVM 3.3svn)
Target: x86_64-apple-darwin13.4.0
Thread model: posix
 "/Applications/Xcode.app/Contents/Developer/Toolchains/XcodeDefault.xctoolchain/usr/bin/ld" -demangle -dynamic -arch x86_64 -macosx_version_min 10.9.0 -o cmTryCompileExec148674231 -search_paths_first -headerpad_max_install_names -v CMakeFiles/cmTryCompileExec148674231.dir/CMakeCXXCompilerABI.cpp.o -lc++ -lSystem /Applications/Xcode.app/Contents/Developer/Toolchains/XcodeDefault.xctoolchain/usr/bin/../lib/clang/5.0/lib/darwin/libclang_rt.osx.a
@(#)PROGRAM:ld  PROJECT:ld64-224.1
configured to support archs: armv6 armv7 armv7s arm64 i386 x86_64 armv6m armv7m armv7em
Library search paths:
	/usr/lib
	/usr/local/lib
Framework search paths:
	/Library/Frameworks/
	/System/Library/Frameworks/


Parsed CXX implicit link information from above output:
  link line regex: [^( *|.*[/\])(ld|([^/\]+-)?ld|collect2)[^/\]*( |$)]
  ignore line: [Change Dir: /nfs/zfs-student-2/users/2013/gmangin/Nibbler/main/CMakeFiles/CMakeTmp]
  ignore line: []
  ignore line: [Run Build Command:"/usr/bin/make" "cmTryCompileExec148674231/fast"]
  ignore line: [/Applications/Xcode.app/Contents/Developer/usr/bin/make -f CMakeFiles/cmTryCompileExec148674231.dir/build.make CMakeFiles/cmTryCompileExec148674231.dir/build]
  ignore line: [/nfs/zfs-student-2/users/2013/gmangin/.brew/Cellar/cmake/3.1.3/bin/cmake -E cmake_progress_report /nfs/zfs-student-2/users/2013/gmangin/Nibbler/main/CMakeFiles/CMakeTmp/CMakeFiles 1]
  ignore line: [Building CXX object CMakeFiles/cmTryCompileExec148674231.dir/CMakeCXXCompilerABI.cpp.o]
  ignore line: [/usr/bin/c++     -o CMakeFiles/cmTryCompileExec148674231.dir/CMakeCXXCompilerABI.cpp.o -c /nfs/zfs-student-2/users/2013/gmangin/.brew/Cellar/cmake/3.1.3/share/cmake/Modules/CMakeCXXCompilerABI.cpp]
  ignore line: [Linking CXX executable cmTryCompileExec148674231]
  ignore line: [/nfs/zfs-student-2/users/2013/gmangin/.brew/Cellar/cmake/3.1.3/bin/cmake -E cmake_link_script CMakeFiles/cmTryCompileExec148674231.dir/link.txt --verbose=1]
  ignore line: [/usr/bin/c++     -Wl,-search_paths_first -Wl,-headerpad_max_install_names -v -Wl,-v CMakeFiles/cmTryCompileExec148674231.dir/CMakeCXXCompilerABI.cpp.o  -o cmTryCompileExec148674231   ]
  ignore line: [Apple LLVM version 5.0 (clang-500.2.79) (based on LLVM 3.3svn)]
  ignore line: [Target: x86_64-apple-darwin13.4.0]
  ignore line: [Thread model: posix]
  link line: [ "/Applications/Xcode.app/Contents/Developer/Toolchains/XcodeDefault.xctoolchain/usr/bin/ld" -demangle -dynamic -arch x86_64 -macosx_version_min 10.9.0 -o cmTryCompileExec148674231 -search_paths_first -headerpad_max_install_names -v CMakeFiles/cmTryCompileExec148674231.dir/CMakeCXXCompilerABI.cpp.o -lc++ -lSystem /Applications/Xcode.app/Contents/Developer/Toolchains/XcodeDefault.xctoolchain/usr/bin/../lib/clang/5.0/lib/darwin/libclang_rt.osx.a]
    arg [/Applications/Xcode.app/Contents/Developer/Toolchains/XcodeDefault.xctoolchain/usr/bin/ld] ==> ignore
    arg [-demangle] ==> ignore
    arg [-dynamic] ==> ignore
    arg [-arch] ==> ignore
    arg [x86_64] ==> ignore
    arg [-macosx_version_min] ==> ignore
    arg [10.9.0] ==> ignore
    arg [-o] ==> ignore
    arg [cmTryCompileExec148674231] ==> ignore
    arg [-search_paths_first] ==> ignore
    arg [-headerpad_max_install_names] ==> ignore
    arg [-v] ==> ignore
    arg [CMakeFiles/cmTryCompileExec148674231.dir/CMakeCXXCompilerABI.cpp.o] ==> ignore
    arg [-lc++] ==> lib [c++]
    arg [-lSystem] ==> lib [System]
    arg [/Applications/Xcode.app/Contents/Developer/Toolchains/XcodeDefault.xctoolchain/usr/bin/../lib/clang/5.0/lib/darwin/libclang_rt.osx.a] ==> lib [/Applications/Xcode.app/Contents/Developer/Toolchains/XcodeDefault.xctoolchain/usr/bin/../lib/clang/5.0/lib/darwin/libclang_rt.osx.a]
  Library search paths: [;/usr/lib;/usr/local/lib]
  Framework search paths: [;/Library/Frameworks/;/System/Library/Frameworks/]
  remove lib [System]
  collapse lib [/Applications/Xcode.app/Contents/Developer/Toolchains/XcodeDefault.xctoolchain/usr/bin/../lib/clang/5.0/lib/darwin/libclang_rt.osx.a] ==> [/Applications/Xcode.app/Contents/Developer/Toolchains/XcodeDefault.xctoolchain/usr/lib/clang/5.0/lib/darwin/libclang_rt.osx.a]
  collapse library dir [/usr/lib] ==> [/usr/lib]
  collapse library dir [/usr/local/lib] ==> [/usr/local/lib]
  collapse framework dir [/Library/Frameworks/] ==> [/Library/Frameworks]
  collapse framework dir [/System/Library/Frameworks/] ==> [/System/Library/Frameworks]
  implicit libs: [c++;/Applications/Xcode.app/Contents/Developer/Toolchains/XcodeDefault.xctoolchain/usr/lib/clang/5.0/lib/darwin/libclang_rt.osx.a]
  implicit dirs: [/usr/lib;/usr/local/lib]
  implicit fwks: [/Library/Frameworks;/System/Library/Frameworks]


